
[2026-04-07 17:20:40] SUCCESS
    Fetching games for yesterday (04/06/2026), today (04/07/2026), tomorrow (04/08/2026)
    Saved 22 games to Supabase.
    Status breakdown:
    gameStatusText
    7:00 pm ET     5
    Final          4
    10:00 pm ET    3
    7:30 pm ET     2
    8:00 pm ET     2
    10:30 pm ET    2
    Final/OT       1
    11:00 pm ET    1
    9:00 pm ET     1
    9:30 pm ET     1
    Found 4 final games.
    Game 0022501143 | Atlanta Hawks vs New York Knicks | Winner: New York Knicks
    Game 0022501144 | Orlando Magic vs Detroit Pistons | Winner: Orlando Magic
    Game 0022501145 | Memphis Grizzlies vs Cleveland Cavaliers | Winner: Cleveland Cavaliers
    Game 0022501146 | San Antonio Spurs vs Philadelphia 76ers | Winner: San Antonio Spurs
    Upserted 4 results.
    Calculating scores...
    No scores to calculate.
    Done. Games, results, and scores are up to date.

[2026-04-08 11:26:42] SUCCESS
    Fetching games for yesterday (04/07/2026), today (04/08/2026), tomorrow (04/09/2026)
    Saved 23 games to Supabase.
    Status breakdown:
    gameStatusText
    Final          10
    7:00 pm ET      5
    10:00 pm ET     3
    7:30 pm ET      2
    9:00 pm ET      1
    9:30 pm ET      1
    8:00 pm ET      1
    Found 10 final games.
    Game 0022501148 | Washington Wizards 98 vs Chicago Bulls 129 | Winner: Chicago Bulls
    Game 0022501152 | Indiana Pacers 104 vs Minnesota Timberwolves 124 | Winner: Minnesota Timberwolves
    Game 0022501150 | Brooklyn Nets 96 vs Milwaukee Bucks 90 | Winner: Brooklyn Nets
    Game 0022501151 | Toronto Raptors 121 vs Miami Heat 95 | Winner: Toronto Raptors
    Game 0022501149 | Boston Celtics 113 vs Charlotte Hornets 102 | Winner: Boston Celtics
    Game 0022501153 | New Orleans Pelicans 156 vs Utah Jazz 137 | Winner: New Orleans Pelicans
    Game 0022501154 | Golden State Warriors 110 vs Sacramento Kings 105 | Winner: Golden State Warriors
    Game 0022501155 | Los Angeles Lakers 87 vs Oklahoma City Thunder 123 | Winner: Oklahoma City Thunder
    Game 0022501156 | LA Clippers 116 vs Dallas Mavericks 103 | Winner: LA Clippers
    Game 0022501157 | Phoenix Suns 105 vs Houston Rockets 119 | Winner: Houston Rockets
    Upserted 10 results.
    Calculating scores...
    No scores to calculate.
    Done. Games, results, and scores are up to date.

[2026-04-08 15:00:02] SUCCESS
    Fetching games for yesterday (04/07/2026), today (04/08/2026), tomorrow (04/09/2026)
    Saved 23 games to Supabase.
    Status breakdown:
    gameStatusText
    Final          10
    7:00 pm ET      5
    10:00 pm ET     3
    7:30 pm ET      2
    9:00 pm ET      1
    9:30 pm ET      1
    8:00 pm ET      1
    Found 10 final games.
    Game 0022501148 | Washington Wizards 98 vs Chicago Bulls 129 | Winner: Chicago Bulls
    Game 0022501152 | Indiana Pacers 104 vs Minnesota Timberwolves 124 | Winner: Minnesota Timberwolves
    Game 0022501150 | Brooklyn Nets 96 vs Milwaukee Bucks 90 | Winner: Brooklyn Nets
    Game 0022501151 | Toronto Raptors 121 vs Miami Heat 95 | Winner: Toronto Raptors
    Game 0022501149 | Boston Celtics 113 vs Charlotte Hornets 102 | Winner: Boston Celtics
    Game 0022501153 | New Orleans Pelicans 156 vs Utah Jazz 137 | Winner: New Orleans Pelicans
    Game 0022501154 | Golden State Warriors 110 vs Sacramento Kings 105 | Winner: Golden State Warriors
    Game 0022501155 | Los Angeles Lakers 87 vs Oklahoma City Thunder 123 | Winner: Oklahoma City Thunder
    Game 0022501156 | LA Clippers 116 vs Dallas Mavericks 103 | Winner: LA Clippers
    Game 0022501157 | Phoenix Suns 105 vs Houston Rockets 119 | Winner: Houston Rockets
    Upserted 10 results.
    Calculating scores...
    Upserted scores for 1 users.
    Done. Games, results, and scores are up to date.

[2026-04-09 08:00:47] FAILED (exit 1)
    Traceback (most recent call last):
      File "C:\Users\RoeeYaish\Python Projects\nba-predictions\scripts\nba_playoffs_to_supabase.py", line 37, in <module>
        raise EnvironmentError(
    OSError: SUPABASE_SERVICE_KEY is not set. This script requires the service role key to write data. Set it in your .env file or environment before running.
    Email notification sent to roeeyaish@gmail.com.

[2026-04-09 15:00:02] SUCCESS
    Fetching games for yesterday (04/08/2026), today (04/09/2026), tomorrow (04/10/2026)
    Saved 28 games to Supabase.
    Status breakdown:
    gameStatusText
    Final          7
    7:00 pm ET     5
    7:30 pm ET     5
    8:00 pm ET     4
    10:00 pm ET    3
    9:30 pm ET     2
    9:00 pm ET     1
    10:30 pm ET    1
    Found 7 final games.
    Game 0022501158 | Cleveland Cavaliers 122 vs Atlanta Hawks 116 | Winner: Cleveland Cavaliers
    Game 0022501159 | Orlando Magic 132 vs Minnesota Timberwolves 120 | Winner: Orlando Magic
    Game 0022501160 | Detroit Pistons 137 vs Milwaukee Bucks 111 | Winner: Detroit Pistons
    Game 0022501162 | Denver Nuggets 136 vs Memphis Grizzlies 119 | Winner: Denver Nuggets
    Game 0022501161 | San Antonio Spurs 112 vs Portland Trail Blazers 101 | Winner: San Antonio Spurs
    Game 0022501163 | LA Clippers 110 vs Oklahoma City Thunder 128 | Winner: Oklahoma City Thunder
    Game 0022501164 | Phoenix Suns 112 vs Dallas Mavericks 107 | Winner: Phoenix Suns
    Upserted 7 results.
    Calculating scores...
    Upserted scores for 1 users.
    Done. Games, results, and scores are up to date.
    Email notification sent to roeeyaish@gmail.com.

[2026-04-10 08:23:33] SUCCESS
    Fetching games for yesterday (04/09/2026), today (04/10/2026), tomorrow (04/11/2026)
    Saved 21 games to Supabase.
    Status breakdown:
    gameStatusText
    Final          6
    7:00 pm ET     3
    7:30 pm ET     3
    8:00 pm ET     3
    9:30 pm ET     2
    10:00 pm ET    2
    9:00 pm ET     1
    10:30 pm ET    1
    Found 6 final games.
    Game 0022501165 | Toronto Raptors 128 vs Miami Heat 114 | Winner: Toronto Raptors
    Game 0022501166 | Washington Wizards 108 vs Chicago Bulls 119 | Winner: Chicago Bulls
    Game 0022501167 | Brooklyn Nets 94 vs Indiana Pacers 123 | Winner: Indiana Pacers
    Game 0022501168 | New York Knicks 112 vs Boston Celtics 106 | Winner: New York Knicks
    Game 0022501169 | Houston Rockets 113 vs Philadelphia 76ers 102 | Winner: Houston Rockets
    Game 0022501170 | Golden State Warriors 103 vs Los Angeles Lakers 119 | Winner: Los Angeles Lakers
    Upserted 6 results.
    Calculating scores...
    Upserted scores for 2 users.
    Done. Games, results, and scores are up to date.
    Email notification sent to roeeyaish@gmail.com.

[2026-04-10 15:00:03] SUCCESS
    Fetching games for yesterday (04/09/2026), today (04/10/2026), tomorrow (04/11/2026)
    Saved 21 games to Supabase.
    Status breakdown:
    gameStatusText
    Final          6
    7:00 pm ET     3
    7:30 pm ET     3
    8:00 pm ET     3
    9:30 pm ET     2
    10:00 pm ET    2
    9:00 pm ET     1
    10:30 pm ET    1
    Found 6 final games.
    Game 0022501165 | Toronto Raptors 128 vs Miami Heat 114 | Winner: Toronto Raptors
    Game 0022501166 | Washington Wizards 108 vs Chicago Bulls 119 | Winner: Chicago Bulls
    Game 0022501167 | Brooklyn Nets 94 vs Indiana Pacers 123 | Winner: Indiana Pacers
    Game 0022501168 | New York Knicks 112 vs Boston Celtics 106 | Winner: New York Knicks
    Game 0022501169 | Houston Rockets 113 vs Philadelphia 76ers 102 | Winner: Houston Rockets
    Game 0022501170 | Golden State Warriors 103 vs Los Angeles Lakers 119 | Winner: Los Angeles Lakers
    Upserted 6 results.
    Fetching playoff series...
    Attempt 1 failed (HTTPSConnectionPool(host='stats.nba.com', port=443): Read timed out. (read timeout=60)). Retrying in 5s...
    Attempt 2 failed (Expecting value: line 1 column 1 (char 0)). Retrying in 5s...
    Warning: Could not fetch playoff series: Expecting value: line 1 column 1 (char 0)
    No series to upsert.
    Calculating scores...
    Upserted scores for 2 users.
    Done. Games, results, series, and scores are up to date.
    Email notification sent to roeeyaish@gmail.com.

[2026-04-11 09:00:13] FAILED (exit 1)
    Fetching games for yesterday (04/10/2026), today (04/11/2026), tomorrow (04/12/2026)
    Traceback (most recent call last):
      File "C:\Users\RoeeYaish\Python Projects\nba-predictions\.venv\Lib\site-packages\urllib3\connection.py", line 204, in _new_conn
    Attempt 1 failed (('Connection aborted.', RemoteDisconnected('Remote end closed connection without response'))). Retrying in 5s...
    Attempt 2 failed (('Connection aborted.', ConnectionAbortedError(10053, 'An established connection was aborted by the software in your host machine', None, 10053, None))). Retrying in 5s...
        sock = connection.create_connection(
               ^^^^^^^^^^^^^^^^^^^^^^^^^^^^^
      File "C:\Users\RoeeYaish\Python Projects\nba-predictions\.venv\Lib\site-packages\urllib3\util\connection.py", line 60, in create_connection
        for res in socket.getaddrinfo(host, port, family, socket.SOCK_STREAM):
                   ^^^^^^^^^^^^^^^^^^^^^^^^^^^^^^^^^^^^^^^^^^^^^^^^^^^^^^^^^^
      File "C:\Users\RoeeYaish\AppData\Local\Programs\Python\Python311\Lib\socket.py", line 962, in getaddrinfo
        for res in _socket.getaddrinfo(host, port, family, type, proto, flags):
                   ^^^^^^^^^^^^^^^^^^^^^^^^^^^^^^^^^^^^^^^^^^^^^^^^^^^^^^^^^^^
    socket.gaierror: [Errno 11001] getaddrinfo failed
    System.Management.Automation.RemoteException
    The above exception was the direct cause of the following exception:
    System.Management.Automation.RemoteException
    Traceback (most recent call last):
      File "C:\Users\RoeeYaish\Python Projects\nba-predictions\.venv\Lib\site-packages\urllib3\connectionpool.py", line 787, in urlopen
        response = self._make_request(
                   ^^^^^^^^^^^^^^^^^^^
      File "C:\Users\RoeeYaish\Python Projects\nba-predictions\.venv\Lib\site-packages\urllib3\connectionpool.py", line 488, in _make_request
        raise new_e
      File "C:\Users\RoeeYaish\Python Projects\nba-predictions\.venv\Lib\site-packages\urllib3\connectionpool.py", line 464, in _make_request
        self._validate_conn(conn)
      File "C:\Users\RoeeYaish\Python Projects\nba-predictions\.venv\Lib\site-packages\urllib3\connectionpool.py", line 1093, in _validate_conn
        conn.connect()
      File "C:\Users\RoeeYaish\Python Projects\nba-predictions\.venv\Lib\site-packages\urllib3\connection.py", line 759, in connect
        self.sock = sock = self._new_conn()
                           ^^^^^^^^^^^^^^^^
      File "C:\Users\RoeeYaish\Python Projects\nba-predictions\.venv\Lib\site-packages\urllib3\connection.py", line 211, in _new_conn
        raise NameResolutionError(self.host, self, e) from e
    urllib3.exceptions.NameResolutionError: HTTPSConnection(host='stats.nba.com', port=443): Failed to resolve 'stats.nba.com' ([Errno 11001] getaddrinfo failed)
    System.Management.Automation.RemoteException
    The above exception was the direct cause of the following exception:
    System.Management.Automation.RemoteException
    Traceback (most recent call last):
      File "C:\Users\RoeeYaish\Python Projects\nba-predictions\.venv\Lib\site-packages\requests\adapters.py", line 645, in send
        resp = conn.urlopen(
               ^^^^^^^^^^^^^
      File "C:\Users\RoeeYaish\Python Projects\nba-predictions\.venv\Lib\site-packages\urllib3\connectionpool.py", line 841, in urlopen
        retries = retries.increment(
                  ^^^^^^^^^^^^^^^^^^
      File "C:\Users\RoeeYaish\Python Projects\nba-predictions\.venv\Lib\site-packages\urllib3\util\retry.py", line 535, in increment
        raise MaxRetryError(_pool, url, reason) from reason  # type: ignore[arg-type]
        ^^^^^^^^^^^^^^^^^^^^^^^^^^^^^^^^^^^^^^^^^^^^^^^^^^^
    urllib3.exceptions.MaxRetryError: HTTPSConnectionPool(host='stats.nba.com', port=443): Max retries exceeded with url: /stats/scoreboardv3?GameDate=04%2F12%2F2026&LeagueID=00 (Caused by NameResolutionError("HTTPSConnection(host='stats.nba.com', port=443): Failed to resolve 'stats.nba.com' ([Errno 11001] getaddrinfo failed)"))
    System.Management.Automation.RemoteException
    During handling of the above exception, another exception occurred:
    System.Management.Automation.RemoteException
    Traceback (most recent call last):
      File "C:\Users\RoeeYaish\Python Projects\nba-predictions\scripts\nba_playoffs_to_supabase.py", line 176, in <module>
        games_df_tm, teams_df_tm = fetch_scoreboard(tomorrow_est)
                                   ^^^^^^^^^^^^^^^^^^^^^^^^^^^^^^
      File "C:\Users\RoeeYaish\Python Projects\nba-predictions\scripts\nba_playoffs_to_supabase.py", line 168, in fetch_scoreboard
        sb = call_with_retry(scoreboardv3.ScoreboardV3, game_date=game_date, timeout=NBA_TIMEOUT)
             ^^^^^^^^^^^^^^^^^^^^^^^^^^^^^^^^^^^^^^^^^^^^^^^^^^^^^^^^^^^^^^^^^^^^^^^^^^^^^^^^^^^^
      File "C:\Users\RoeeYaish\Python Projects\nba-predictions\scripts\nba_playoffs_to_supabase.py", line 30, in call_with_retry
        raise last_err
      File "C:\Users\RoeeYaish\Python Projects\nba-predictions\scripts\nba_playoffs_to_supabase.py", line 24, in call_with_retry
        return fn(*args, **kwargs)
               ^^^^^^^^^^^^^^^^^^^
      File "C:\Users\RoeeYaish\Python Projects\nba-predictions\.venv\Lib\site-packages\nba_api\stats\endpoints\scoreboardv3.py", line 111, in __init__
        self.get_request()
      File "C:\Users\RoeeYaish\Python Projects\nba-predictions\.venv\Lib\site-packages\nba_api\stats\endpoints\scoreboardv3.py", line 120, in get_request
        self.nba_response = NBAStatsHTTP().send_api_request(
                            ^^^^^^^^^^^^^^^^^^^^^^^^^^^^^^^^
      File "C:\Users\RoeeYaish\Python Projects\nba-predictions\.venv\Lib\site-packages\nba_api\library\http.py", line 160, in send_api_request
        response = self.get_session().get(
                   ^^^^^^^^^^^^^^^^^^^^^^^
      File "C:\Users\RoeeYaish\Python Projects\nba-predictions\.venv\Lib\site-packages\requests\sessions.py", line 605, in get
        return self.request("GET", url, **kwargs)
               ^^^^^^^^^^^^^^^^^^^^^^^^^^^^^^^^^^
      File "C:\Users\RoeeYaish\Python Projects\nba-predictions\.venv\Lib\site-packages\requests\sessions.py", line 592, in request
        resp = self.send(prep, **send_kwargs)
               ^^^^^^^^^^^^^^^^^^^^^^^^^^^^^^
      File "C:\Users\RoeeYaish\Python Projects\nba-predictions\.venv\Lib\site-packages\requests\sessions.py", line 706, in send
        r = adapter.send(request, **kwargs)
            ^^^^^^^^^^^^^^^^^^^^^^^^^^^^^^^
      File "C:\Users\RoeeYaish\Python Projects\nba-predictions\.venv\Lib\site-packages\requests\adapters.py", line 678, in send
        raise ConnectionError(e, request=request)
    requests.exceptions.ConnectionError: HTTPSConnectionPool(host='stats.nba.com', port=443): Max retries exceeded with url: /stats/scoreboardv3?GameDate=04%2F12%2F2026&LeagueID=00 (Caused by NameResolutionError("HTTPSConnection(host='stats.nba.com', port=443): Failed to resolve 'stats.nba.com' ([Errno 11001] getaddrinfo failed)"))
    Email notification sent to roeeyaish@gmail.com.

[2026-04-11 15:00:02] SUCCESS
    Network ready (attempt 1).
    Fetching games for yesterday (04/10/2026), today (04/11/2026), tomorrow (04/12/2026)
    Saved 30 games to Supabase.
    Status breakdown:
    gameStatusText
    Final         15
    8:30 pm ET     8
    6:00 pm ET     7
    Found 15 final games.
    Game 0022501171 | Charlotte Hornets 100 vs Detroit Pistons 118 | Winner: Detroit Pistons
    Game 0022501172 | Washington Wizards 117 vs Miami Heat 140 | Winner: Miami Heat
    Game 0022501173 | Atlanta Hawks 124 vs Cleveland Cavaliers 102 | Winner: Atlanta Hawks
    Game 0022501174 | Boston Celtics 144 vs New Orleans Pelicans 118 | Winner: Boston Celtics
    Game 0022501175 | Indiana Pacers 94 vs Philadelphia 76ers 105 | Winner: Philadelphia 76ers
    Game 0022501176 | New York Knicks 112 vs Toronto Raptors 95 | Winner: New York Knicks
    Game 0022501177 | Chicago Bulls 103 vs Orlando Magic 127 | Winner: Orlando Magic
    Game 0022501179 | Milwaukee Bucks 125 vs Brooklyn Nets 108 | Winner: Milwaukee Bucks
    Game 0022501180 | San Antonio Spurs 139 vs Dallas Mavericks 120 | Winner: San Antonio Spurs
    Game 0022501182 | Denver Nuggets 127 vs Oklahoma City Thunder 107 | Winner: Denver Nuggets
    Game 0022501178 | Houston Rockets 132 vs Minnesota Timberwolves 136 | Winner: Minnesota Timberwolves
    Game 0022501181 | Utah Jazz 147 vs Memphis Grizzlies 101 | Winner: Utah Jazz
    Game 0022501183 | Portland Trail Blazers 116 vs LA Clippers 97 | Winner: Portland Trail Blazers
    Game 0022501184 | Sacramento Kings 124 vs Golden State Warriors 118 | Winner: Sacramento Kings
    Game 0022501185 | Los Angeles Lakers 101 vs Phoenix Suns 73 | Winner: Los Angeles Lakers
    Upserted 15 results.
    Fetching playoff series...
    Error updating playoff series: 'HOME_TEAM_WINS'
    Calculating scores...
    Upserted scores for 2 users.
    Done. Games, results, series, and scores are up to date.
    Email notification sent to roeeyaish@gmail.com.

[2026-04-12 09:58:41] SUCCESS
    Network ready (attempt 1).
    Fetching games for yesterday (04/11/2026), today (04/12/2026), tomorrow (04/13/2026)
    Saved 15 games to Supabase.
    Status breakdown:
    gameStatusText
    8:30 pm ET    8
    6:00 pm ET    7
    Found 0 final games.
    No final games to update.
    Fetching playoff series...
    Error updating playoff series: 'HOME_TEAM_WINS'
    Calculating scores...
    Upserted scores for 4 users.
    Done. Games, results, series, and scores are up to date.
    
    1 issue(s) detected during this run:
      - Could not parse round from game_id 0042400101 in series 004240010
    Alert email sent to roeeyaish@gmail.com (1 issue(s)).
    Email notification sent to roeeyaish@gmail.com.

[2026-04-12 15:00:02] SUCCESS
    Network ready (attempt 1).
    Fetching games for yesterday (04/11/2026), today (04/12/2026), tomorrow (04/13/2026)
    Saved 15 games to Supabase.
    Status breakdown:
    gameStatusText
    8:30 pm ET    8
    6:00 pm ET    7
    Found 0 final games.
    No final games to update.
    Fetching playoff series...
    Error updating playoff series: 'HOME_TEAM_WINS'
    Calculating scores...
    Upserted scores for 4 users.
    Done. Games, results, series, and scores are up to date.
    
    1 issue(s) detected during this run:
      - Could not parse round from game_id 0042400101 in series 004240010
    Alert email sent to roeeyaish@gmail.com (1 issue(s)).
    Email notification sent to roeeyaish@gmail.com.

[2026-04-13 09:32:05] SUCCESS
    Network ready (attempt 1).
    Fetching games for yesterday (04/12/2026), today (04/13/2026), tomorrow (04/14/2026)
    Saved 17 games to Supabase.
    Status breakdown:
    gameStatusText
    Final          15
    7:30 pm ET      1
    10:00 pm ET     1
    Found 15 final games.
    Game 0022501186 | Boston Celtics 113 vs Orlando Magic 108 | Winner: Boston Celtics
    Game 0022501187 | Cleveland Cavaliers 130 vs Washington Wizards 117 | Winner: Cleveland Cavaliers
    Game 0022501188 | Indiana Pacers 121 vs Detroit Pistons 133 | Winner: Detroit Pistons
    Game 0022501189 | Miami Heat 143 vs Atlanta Hawks 117 | Winner: Miami Heat
    Game 0022501190 | New York Knicks 96 vs Charlotte Hornets 110 | Winner: Charlotte Hornets
    Game 0022501191 | Philadelphia 76ers 126 vs Milwaukee Bucks 106 | Winner: Philadelphia 76ers
    Game 0022501192 | Toronto Raptors 136 vs Brooklyn Nets 101 | Winner: Toronto Raptors
    Game 0022501193 | Dallas Mavericks 149 vs Chicago Bulls 128 | Winner: Dallas Mavericks
    Game 0022501194 | Houston Rockets 132 vs Memphis Grizzlies 101 | Winner: Houston Rockets
    Game 0022501195 | Minnesota Timberwolves 132 vs New Orleans Pelicans 126 | Winner: Minnesota Timberwolves
    Game 0022501196 | Oklahoma City Thunder 103 vs Phoenix Suns 135 | Winner: Phoenix Suns
    Game 0022501197 | San Antonio Spurs 118 vs Denver Nuggets 128 | Winner: Denver Nuggets
    Game 0022501198 | Los Angeles Lakers 131 vs Utah Jazz 107 | Winner: Los Angeles Lakers
    Game 0022501199 | LA Clippers 115 vs Golden State Warriors 110 | Winner: LA Clippers
    Game 0022501200 | Portland Trail Blazers 122 vs Sacramento Kings 110 | Winner: Portland Trail Blazers
    Upserted 15 results.
    Fetching playoff series...
    Error updating playoff series: 'HOME_TEAM_WINS'
    Calculating scores...
    Upserted scores for 4 users.
    Done. Games, results, series, and scores are up to date.
    
    1 issue(s) detected during this run:
      - Could not parse round from game_id 0042400101 in series 004240010
    Alert email sent to roeeyaish@gmail.com (1 issue(s)).
    Email notification sent to roeeyaish@gmail.com.

[2026-04-13 15:00:03] SUCCESS
    Network ready (attempt 1).
    Fetching games for yesterday (04/12/2026), today (04/13/2026), tomorrow (04/14/2026)
    Saved 17 games to Supabase.
    Status breakdown:
    gameStatusText
    Final          15
    7:30 pm ET      1
    10:00 pm ET     1
    Found 15 final games.
    Game 0022501186 | Boston Celtics 113 vs Orlando Magic 108 | Winner: Boston Celtics
    Game 0022501187 | Cleveland Cavaliers 130 vs Washington Wizards 117 | Winner: Cleveland Cavaliers
    Game 0022501188 | Indiana Pacers 121 vs Detroit Pistons 133 | Winner: Detroit Pistons
    Game 0022501189 | Miami Heat 143 vs Atlanta Hawks 117 | Winner: Miami Heat
    Game 0022501190 | New York Knicks 96 vs Charlotte Hornets 110 | Winner: Charlotte Hornets
    Game 0022501191 | Philadelphia 76ers 126 vs Milwaukee Bucks 106 | Winner: Philadelphia 76ers
    Game 0022501192 | Toronto Raptors 136 vs Brooklyn Nets 101 | Winner: Toronto Raptors
    Game 0022501193 | Dallas Mavericks 149 vs Chicago Bulls 128 | Winner: Dallas Mavericks
    Game 0022501194 | Houston Rockets 132 vs Memphis Grizzlies 101 | Winner: Houston Rockets
    Game 0022501195 | Minnesota Timberwolves 132 vs New Orleans Pelicans 126 | Winner: Minnesota Timberwolves
    Game 0022501196 | Oklahoma City Thunder 103 vs Phoenix Suns 135 | Winner: Phoenix Suns
    Game 0022501197 | San Antonio Spurs 118 vs Denver Nuggets 128 | Winner: Denver Nuggets
    Game 0022501198 | Los Angeles Lakers 131 vs Utah Jazz 107 | Winner: Los Angeles Lakers
    Game 0022501199 | LA Clippers 115 vs Golden State Warriors 110 | Winner: LA Clippers
    Game 0022501200 | Portland Trail Blazers 122 vs Sacramento Kings 110 | Winner: Portland Trail Blazers
    Upserted 15 results.
    Fetching playoff series...
    Error updating playoff series: 'HOME_TEAM_WINS'
    Calculating scores...
    Upserted scores for 4 users.
    Done. Games, results, series, and scores are up to date.
    
    1 issue(s) detected during this run:
      - Could not parse round from game_id 0042400101 in series 004240010
    Alert email sent to roeeyaish@gmail.com (1 issue(s)).
    Email notification sent to roeeyaish@gmail.com.

[2026-04-14 09:54:47] SUCCESS
    Network ready (attempt 1).
    Fetching games for yesterday (04/13/2026), today (04/14/2026), tomorrow (04/15/2026)
    Saved 4 games to Supabase.
    Status breakdown:
    gameStatusText
    7:30 pm ET     2
    10:00 pm ET    2
    Found 0 final games.
    No final games to update.
    Fetching playoff series...
    Error updating playoff series: 'HOME_TEAM_WINS'
    Calculating scores...
    Upserted scores for 4 users.
    Done. Games, results, series, and scores are up to date.
    
    1 issue(s) detected during this run:
      - Could not parse round from game_id 0042400101 in series 004240010
    Alert email sent to roeeyaish@gmail.com (1 issue(s)).
    Email notification sent to roeeyaish@gmail.com.

[2026-04-14 15:00:03] SUCCESS
    Network ready (attempt 1).
    Fetching games for yesterday (04/13/2026), today (04/14/2026), tomorrow (04/15/2026)
    Saved 4 games to Supabase.
    Status breakdown:
    gameStatusText
    7:30 pm ET     2
    10:00 pm ET    2
    Found 0 final games.
    No final games to update.
    Fetching playoff series...
    Error updating playoff series: 'HOME_TEAM_WINS'
    Calculating scores...
    Upserted scores for 4 users.
    Done. Games, results, series, and scores are up to date.
    
    1 issue(s) detected during this run:
      - Could not parse round from game_id 0042400101 in series 004240010
    Alert email sent to roeeyaish@gmail.com (1 issue(s)).
    Email notification sent to roeeyaish@gmail.com.

[2026-04-15 11:28:58] SUCCESS
    Network ready (attempt 1).
    Fetching games for yesterday (04/14/2026), today (04/15/2026), tomorrow (04/16/2026)
    Saved 4 games to Supabase.
    Status breakdown:
    gameStatusText
    Final/OT       1
    Final          1
    7:30 pm ET     1
    10:00 pm ET    1
    Found 2 final games.
    Game 0052500111 | Charlotte Hornets 127 vs Miami Heat 126 | Winner: Charlotte Hornets
    Game 0052500121 | Phoenix Suns 110 vs Portland Trail Blazers 114 | Winner: Portland Trail Blazers
    Upserted 2 results.
    Fetching playoff series...
    Error updating playoff series: 'HOME_TEAM_WINS'
    Calculating scores...
    Upserted scores for 4 users.
    Done. Games, results, series, and scores are up to date.
    
    1 issue(s) detected during this run:
      - Could not parse round from game_id 0042400101 in series 004240010
    Alert email sent to roeeyaish@gmail.com (1 issue(s)).
    Email notification sent to roeeyaish@gmail.com.

[2026-04-15 15:34:20] SUCCESS
    Network ready (attempt 1).
    Fetching games for yesterday (04/14/2026), today (04/15/2026), tomorrow (04/16/2026)
    Saved 4 games to Supabase.
    Status breakdown:
    gameStatusText
    Final/OT       1
    Final          1
    7:30 pm ET     1
    10:00 pm ET    1
    Found 2 final games.
    Game 0052500111 | Charlotte Hornets 127 vs Miami Heat 126 | Winner: Charlotte Hornets
    Game 0052500121 | Phoenix Suns 110 vs Portland Trail Blazers 114 | Winner: Portland Trail Blazers
    Upserted 2 results.
    Fetching playoff series...
    Error updating playoff series: 'HOME_TEAM_WINS'
    Calculating scores...
    Upserted scores for 4 users.
    Done. Games, results, series, and scores are up to date.
    
    1 issue(s) detected during this run:
      - Could not parse round from game_id 0042400101 in series 004240010
    Alert email sent to roeeyaish@gmail.com (1 issue(s)).
    Email notification sent to roeeyaish@gmail.com.

[2026-04-16 08:16:20] SUCCESS
    Network ready (attempt 1).
    Fetching games for yesterday (04/15/2026), today (04/16/2026), tomorrow (04/17/2026)
    Saved 4 games to Supabase.
    Status breakdown:
    gameStatusText
    Final          2
    7:30 pm ET     1
    10:00 pm ET    1
    Found 2 final games.
    Game 0052500101 | Philadelphia 76ers 109 vs Orlando Magic 97 | Winner: Philadelphia 76ers
    Game 0052500131 | LA Clippers 121 vs Golden State Warriors 126 | Winner: Golden State Warriors
    Upserted 2 results.
    Fetching playoff series...
    Error updating playoff series: 'HOME_TEAM_WINS'
    Calculating scores...
    Upserted scores for 4 users.
    Done. Games, results, series, and scores are up to date.
    
    1 issue(s) detected during this run:
      - Could not parse round from game_id 0042400101 in series 004240010
    Alert email sent to roeeyaish@gmail.com (1 issue(s)).
    Email notification sent to roeeyaish@gmail.com.

[2026-04-16 15:00:03] SUCCESS
    Network ready (attempt 1).
    Fetching games for yesterday (04/15/2026), today (04/16/2026), tomorrow (04/17/2026)
    Saved 4 games to Supabase.
    Status breakdown:
    gameStatusText
    Final          2
    7:30 pm ET     1
    10:00 pm ET    1
    Found 2 final games.
    Game 0052500101 | Philadelphia 76ers 109 vs Orlando Magic 97 | Winner: Philadelphia 76ers
    Game 0052500131 | LA Clippers 121 vs Golden State Warriors 126 | Winner: Golden State Warriors
    Upserted 2 results.
    Fetching playoff series...
    Error updating playoff series: 'HOME_TEAM_WINS'
    Calculating scores...
    Upserted scores for 4 users.
    Done. Games, results, series, and scores are up to date.
    
    1 issue(s) detected during this run:
      - Could not parse round from game_id 0042400101 in series 004240010
    Alert email sent to roeeyaish@gmail.com (1 issue(s)).
    Email notification sent to roeeyaish@gmail.com.

[2026-04-17 13:11:14] SUCCESS
    Network ready (attempt 1).
    Fetching games for yesterday (04/16/2026), today (04/17/2026), tomorrow (04/18/2026)
    Saved 6 games to Supabase.
    Status breakdown:
    gameStatusText
    7:30 pm ET     1
    10:00 pm ET    1
    1:00 pm ET     1
    3:30 pm ET     1
    6:00 pm ET     1
    8:30 pm ET     1
    Found 0 final games.
    No final games to update.
    Fetching playoff series...
    Error updating playoff series: 'HOME_TEAM_WINS'
    Calculating scores...
    Upserted scores for 4 users.
    Done. Games, results, series, and scores are up to date.
    
    1 issue(s) detected during this run:
      - Could not parse round from game_id 0042400101 in series 004240010
    Alert email sent to roeeyaish@gmail.com (1 issue(s)).
    Email notification sent to roeeyaish@gmail.com.

[2026-04-17 15:00:02] SUCCESS
    Network ready (attempt 1).
    Fetching games for yesterday (04/16/2026), today (04/17/2026), tomorrow (04/18/2026)
    Saved 6 games to Supabase.
    Status breakdown:
    gameStatusText
    7:30 pm ET     1
    10:00 pm ET    1
    1:00 pm ET     1
    3:30 pm ET     1
    6:00 pm ET     1
    8:30 pm ET     1
    Found 0 final games.
    No final games to update.
    Fetching playoff series...
    Error updating playoff series: 'HOME_TEAM_WINS'
    Calculating scores...
    Upserted scores for 4 users.
    Done. Games, results, series, and scores are up to date.
    
    1 issue(s) detected during this run:
      - Could not parse round from game_id 0042400101 in series 004240010
    Alert email sent to roeeyaish@gmail.com (1 issue(s)).
    Email notification sent to roeeyaish@gmail.com.

[2026-04-18 10:14:25] SUCCESS
    Network ready (attempt 1).
    Fetching games for yesterday (04/17/2026), today (04/18/2026), tomorrow (04/19/2026)
    Attempt 1 failed (Expecting value: line 1 column 1 (char 0)). Retrying in 5s...
    Attempt 2 failed (Expecting value: line 1 column 1 (char 0)). Retrying in 5s...
    Saved 4 games to Supabase.
    Status breakdown:
    gameStatusText
    Final         2
    1:00 pm ET    1
    3:30 pm ET    1
    6:00 pm ET    1
    8:30 pm ET    1
    Found 0 final games.
    No final games to update.
    Fetching playoff series...
    Fetched 7 playoff series from CommonPlayoffSeries.
    Upserted 7 series.
    Tagged 49 games with playoff round/series.
    Calculating scores...
    Upserted scores for 4 users.
    Done. Games, results, series, and scores are up to date.
    
    5 issue(s) detected during this run:
      - ScoreboardV3 failed for 04/19/2026: ('Connection aborted.', RemoteDisconnected('Remote end closed connection without response'))
      - CommonPlayoffSeries: unrecognised R1 SERIES_ID '004250010' ů skipping
      - No game time found for new series 2026_East_2v7 (Boston Celtics vs Philadelphia 76ers)
      - No game time found for new series 2026_East_1v8 (Oklahoma City Thunder vs Phoenix Suns)
      - No game time found for new series 2026_West_2v7 (San Antonio Spurs vs Portland Trail Blazers)
    Alert email sent to roeeyaish@gmail.com (5 issue(s)).
    Email notification sent to roeeyaish@gmail.com.

[2026-04-18 15:00:02] SUCCESS
    Network ready (attempt 1).
    Fetching games for yesterday (04/17/2026), today (04/18/2026), tomorrow (04/19/2026)
    Saved 8 games to Supabase.
    Status breakdown:
    gameStatusText
    Final         2
    1:00 pm ET    2
    3:30 pm ET    2
    6:00 pm ET    1
    8:30 pm ET    1
    6:30 pm ET    1
    9:00 pm ET    1
    Found 0 final games.
    No final games to update.
    Fetching playoff series...
    Fetched 8 playoff series from CommonPlayoffSeries.
    Upserted 8 series.
    Tagged 56 games with playoff round/series.
    Calculating scores...
    Upserted scores for 4 users.
    Done. Games, results, series, and scores are up to date.
    No issues detected. Clean run.
    Email notification sent to roeeyaish@gmail.com.

[2026-04-19 08:40:42] SUCCESS
    Network ready (attempt 1).
    Fetching games for yesterday (04/18/2026), today (04/19/2026), tomorrow (04/20/2026)
    Attempt 1 failed (Expecting value: line 1 column 1 (char 0)). Retrying in 5s...
    Attempt 2 failed (Expecting value: line 1 column 1 (char 0)). Retrying in 5s...
    Saved 8 games to Supabase.
    Status breakdown:
    gameStatusText
    Final         4
    1:00 pm ET    1
    3:30 pm ET    1
    6:30 pm ET    1
    9:00 pm ET    1
    Found 4 final games.
    Game 0042500131 | Cleveland Cavaliers 126 vs Toronto Raptors 113 | Winner: Cleveland Cavaliers
    Game 0042500161 | Denver Nuggets 116 vs Minnesota Timberwolves 105 | Winner: Denver Nuggets
    Game 0042500121 | New York Knicks 113 vs Atlanta Hawks 102 | Winner: New York Knicks
    Game 0042500171 | Los Angeles Lakers 107 vs Houston Rockets 98 | Winner: Los Angeles Lakers
    Upserted 4 results.
    Fetching playoff series...
    Fetched 8 playoff series from CommonPlayoffSeries.
    Upserted 8 series.
    Tagged 56 games with playoff round/series.
    Calculating scores...
    Upserted scores for 4 users.
    Done. Games, results, series, and scores are up to date.
    
    1 issue(s) detected during this run:
      - ScoreboardV3 failed for 04/20/2026: Expecting value: line 1 column 1 (char 0)
    Alert email sent to roeeyaish@gmail.com (1 issue(s)).
    Email notification sent to roeeyaish@gmail.com.

[2026-04-19 15:00:03] SUCCESS
    Network ready (attempt 1).
    Fetching games for yesterday (04/18/2026), today (04/19/2026), tomorrow (04/20/2026)
    Saved 11 games to Supabase.
    Status breakdown:
    gameStatusText
    Final          4
    1:00 pm ET     1
    3:30 pm ET     1
    6:30 pm ET     1
    9:00 pm ET     1
    7:00 pm ET     1
    8:00 pm ET     1
    10:30 pm ET    1
    Found 4 final games.
    Game 0042500131 | Cleveland Cavaliers 126 vs Toronto Raptors 113 | Winner: Cleveland Cavaliers
    Game 0042500161 | Denver Nuggets 116 vs Minnesota Timberwolves 105 | Winner: Denver Nuggets
    Game 0042500121 | New York Knicks 113 vs Atlanta Hawks 102 | Winner: New York Knicks
    Game 0042500171 | Los Angeles Lakers 107 vs Houston Rockets 98 | Winner: Los Angeles Lakers
    Upserted 4 results.
    Fetching playoff series...
    Fetched 8 playoff series from CommonPlayoffSeries.
    Upserted 8 series.
    Tagged 56 games with playoff round/series.
    Calculating scores...
    Upserted scores for 4 users.
    Done. Games, results, series, and scores are up to date.
    No issues detected. Clean run.
    Email notification sent to roeeyaish@gmail.com.

[2026-04-20 08:42:03] SUCCESS
    Network ready (attempt 1).
    Fetching games for yesterday (04/19/2026), today (04/20/2026), tomorrow (04/21/2026)
    Saved 10 games to Supabase.
    Status breakdown:
    gameStatusText
    Final          4
    7:00 pm ET     2
    8:00 pm ET     2
    10:30 pm ET    2
    Found 4 final games.
    Game 0042500111 | Boston Celtics 123 vs Philadelphia 76ers 91 | Winner: Boston Celtics
    Game 0042500141 | Oklahoma City Thunder 119 vs Phoenix Suns 84 | Winner: Oklahoma City Thunder
    Game 0042500101 | Detroit Pistons 101 vs Orlando Magic 112 | Winner: Orlando Magic
    Game 0042500151 | San Antonio Spurs 111 vs Portland Trail Blazers 98 | Winner: San Antonio Spurs
    Upserted 4 results.
    Fetching playoff series...
    Fetched 8 playoff series from CommonPlayoffSeries.
    Upserted 8 series.
    Tagged 56 games with playoff round/series.
    Calculating scores...
    Upserted scores for 4 users.
    Done. Games, results, series, and scores are up to date.
    No issues detected. Clean run.
    Email notification sent to roeeyaish@gmail.com.

[2026-04-20 15:00:02] SUCCESS
    Network ready (attempt 1).
    Fetching games for yesterday (04/19/2026), today (04/20/2026), tomorrow (04/21/2026)
    Saved 10 games to Supabase.
    Status breakdown:
    gameStatusText
    Final          4
    7:00 pm ET     2
    8:00 pm ET     2
    10:30 pm ET    2
    Found 4 final games.
    Game 0042500111 | Boston Celtics 123 vs Philadelphia 76ers 91 | Winner: Boston Celtics
    Game 0042500141 | Oklahoma City Thunder 119 vs Phoenix Suns 84 | Winner: Oklahoma City Thunder
    Game 0042500101 | Detroit Pistons 101 vs Orlando Magic 112 | Winner: Orlando Magic
    Game 0042500151 | San Antonio Spurs 111 vs Portland Trail Blazers 98 | Winner: San Antonio Spurs
    Upserted 4 results.
    Fetching playoff series...
    Fetched 8 playoff series from CommonPlayoffSeries.
    Upserted 8 series.
    Tagged 56 games with playoff round/series.
    Calculating scores...
    Upserted scores for 4 users.
    Done. Games, results, series, and scores are up to date.
    No issues detected. Clean run.
    Email notification sent to roeeyaish@gmail.com.

[2026-04-21 09:25:00] SUCCESS
    Network ready (attempt 1).
    Fetching games for yesterday (04/20/2026), today (04/21/2026), tomorrow (04/22/2026)
    Saved 8 games to Supabase.
    Status breakdown:
    gameStatusText
    Final          3
    7:00 pm ET     2
    8:00 pm ET     1
    10:30 pm ET    1
    9:30 pm ET     1
    Found 3 final games.
    Game 0042500132 | Cleveland Cavaliers 115 vs Toronto Raptors 105 | Winner: Cleveland Cavaliers
    Game 0042500122 | New York Knicks 106 vs Atlanta Hawks 107 | Winner: Atlanta Hawks
    Game 0042500162 | Denver Nuggets 114 vs Minnesota Timberwolves 119 | Winner: Minnesota Timberwolves
    Upserted 3 results.
    Fetching playoff series...
    Fetched 8 playoff series from CommonPlayoffSeries.
    Upserted 8 series.
    Tagged 56 games with playoff round/series.
    Calculating scores...
    Upserted scores for 4 users.
    Done. Games, results, series, and scores are up to date.
    No issues detected. Clean run.
    Email notification sent to roeeyaish@gmail.com.

[2026-04-21 15:00:02] SUCCESS
    Network ready (attempt 1).
    Fetching games for yesterday (04/20/2026), today (04/21/2026), tomorrow (04/22/2026)
    Saved 8 games to Supabase.
    Status breakdown:
    gameStatusText
    Final          3
    7:00 pm ET     2
    8:00 pm ET     1
    10:30 pm ET    1
    9:30 pm ET     1
    Found 3 final games.
    Game 0042500132 | Cleveland Cavaliers 115 vs Toronto Raptors 105 | Winner: Cleveland Cavaliers
    Game 0042500122 | New York Knicks 106 vs Atlanta Hawks 107 | Winner: Atlanta Hawks
    Game 0042500162 | Denver Nuggets 114 vs Minnesota Timberwolves 119 | Winner: Minnesota Timberwolves
    Upserted 3 results.
    Fetching playoff series...
    Fetched 8 playoff series from CommonPlayoffSeries.
    Upserted 8 series.
    Tagged 56 games with playoff round/series.
    Calculating scores...
    Upserted scores for 4 users.
    Done. Games, results, series, and scores are up to date.
    No issues detected. Clean run.
    Email notification sent to roeeyaish@gmail.com.

[2026-04-22 08:44:08] SUCCESS
    Network ready (attempt 1).
    Fetching games for yesterday (04/21/2026), today (04/22/2026), tomorrow (04/23/2026)
    Saved 8 games to Supabase.
    Status breakdown:
    gameStatusText
    Final         3
    7:00 pm ET    2
    9:30 pm ET    2
    8:00 pm ET    1
    Found 3 final games.
    Game 0042500112 | Boston Celtics 97 vs Philadelphia 76ers 111 | Winner: Philadelphia 76ers
    Game 0042500152 | San Antonio Spurs 103 vs Portland Trail Blazers 106 | Winner: Portland Trail Blazers
    Game 0042500172 | Los Angeles Lakers 101 vs Houston Rockets 94 | Winner: Los Angeles Lakers
    Upserted 3 results.
    Fetching playoff series...
    Fetched 8 playoff series from CommonPlayoffSeries.
    Upserted 8 series.
    Tagged 56 games with playoff round/series.
    Calculating scores...
    Upserted scores for 4 users.
    Done. Games, results, series, and scores are up to date.
    No issues detected. Clean run.
    Email notification sent to roeeyaish@gmail.com.

[2026-04-22 15:00:02] SUCCESS
    Network ready (attempt 1).
    Fetching games for yesterday (04/21/2026), today (04/22/2026), tomorrow (04/23/2026)
    Saved 8 games to Supabase.
    Status breakdown:
    gameStatusText
    Final         3
    7:00 pm ET    2
    9:30 pm ET    2
    8:00 pm ET    1
    Found 3 final games.
    Game 0042500112 | Boston Celtics 97 vs Philadelphia 76ers 111 | Winner: Philadelphia 76ers
    Game 0042500152 | San Antonio Spurs 103 vs Portland Trail Blazers 106 | Winner: Portland Trail Blazers
    Game 0042500172 | Los Angeles Lakers 101 vs Houston Rockets 94 | Winner: Los Angeles Lakers
    Upserted 3 results.
    Fetching playoff series...
    Fetched 8 playoff series from CommonPlayoffSeries.
    Upserted 8 series.
    Tagged 56 games with playoff round/series.
    Calculating scores...
    Upserted scores for 4 users.
    Done. Games, results, series, and scores are up to date.
    No issues detected. Clean run.
    Email notification sent to roeeyaish@gmail.com.

[2026-04-23 08:13:32] SUCCESS
    Network ready (attempt 1).
    Fetching games for yesterday (04/22/2026), today (04/23/2026), tomorrow (04/24/2026)
    Saved 8 games to Supabase.
    Status breakdown:
    gameStatusText
    Final          2
    7:00 pm ET     2
    8:00 pm ET     2
    9:30 pm ET     1
    10:30 pm ET    1
    Found 2 final games.
    Game 0042500102 | Detroit Pistons 98 vs Orlando Magic 83 | Winner: Detroit Pistons
    Game 0042500142 | Oklahoma City Thunder 120 vs Phoenix Suns 107 | Winner: Oklahoma City Thunder
    Upserted 2 results.
    Fetching playoff series...
    Fetched 8 playoff series from CommonPlayoffSeries.
    Upserted 8 series.
    Tagged 56 games with playoff round/series.
    Calculating scores...
    Upserted scores for 4 users.
    Done. Games, results, series, and scores are up to date.
    No issues detected. Clean run.
    Email notification sent to roeeyaish@gmail.com.

[2026-04-23 15:00:02] SUCCESS
    Network ready (attempt 1).
    Fetching games for yesterday (04/22/2026), today (04/23/2026), tomorrow (04/24/2026)
    Saved 8 games to Supabase.
    Status breakdown:
    gameStatusText
    Final          2
    7:00 pm ET     2
    8:00 pm ET     2
    9:30 pm ET     1
    10:30 pm ET    1
    Found 2 final games.
    Game 0042500102 | Detroit Pistons 98 vs Orlando Magic 83 | Winner: Detroit Pistons
    Game 0042500142 | Oklahoma City Thunder 120 vs Phoenix Suns 107 | Winner: Oklahoma City Thunder
    Upserted 2 results.
    Fetching playoff series...
    Fetched 8 playoff series from CommonPlayoffSeries.
    Upserted 8 series.
    Tagged 56 games with playoff round/series.
    Calculating scores...
    Upserted scores for 4 users.
    Done. Games, results, series, and scores are up to date.
    No issues detected. Clean run.
    Email notification sent to roeeyaish@gmail.com.

[2026-04-24 09:04:57] SUCCESS
    Network ready (attempt 1).
    Fetching games for yesterday (04/23/2026), today (04/24/2026), tomorrow (04/25/2026)
    Saved 10 games to Supabase.
    Status breakdown:
    gameStatusText
    Final          3
    7:00 pm ET     1
    8:00 pm ET     1
    10:30 pm ET    1
    1:00 pm ET     1
    3:30 pm ET     1
    6:00 pm ET     1
    8:30 pm ET     1
    Found 3 final games.
    Game 0042500123 | Atlanta Hawks 109 vs New York Knicks 108 | Winner: Atlanta Hawks
    Game 0042500133 | Toronto Raptors 126 vs Cleveland Cavaliers 104 | Winner: Toronto Raptors
    Game 0042500163 | Minnesota Timberwolves 113 vs Denver Nuggets 96 | Winner: Minnesota Timberwolves
    Upserted 3 results.
    Fetching playoff series...
    Fetched 8 playoff series from CommonPlayoffSeries.
    Upserted 8 series.
    Tagged 56 games with playoff round/series.
    Calculating scores...
    Upserted scores for 4 users.
    Done. Games, results, series, and scores are up to date.
    No issues detected. Clean run.
    Email notification sent to roeeyaish@gmail.com.

[2026-04-24 16:23:15] SUCCESS
    Network ready (attempt 1).
    Fetching games for yesterday (04/23/2026), today (04/24/2026), tomorrow (04/25/2026)
    Saved 10 games to Supabase.
    Status breakdown:
    gameStatusText
    Final          3
    7:00 pm ET     1
    8:00 pm ET     1
    10:30 pm ET    1
    1:00 pm ET     1
    3:30 pm ET     1
    6:00 pm ET     1
    8:30 pm ET     1
    Found 3 final games.
    Game 0042500123 | Atlanta Hawks 109 vs New York Knicks 108 | Winner: Atlanta Hawks
    Game 0042500133 | Toronto Raptors 126 vs Cleveland Cavaliers 104 | Winner: Toronto Raptors
    Game 0042500163 | Minnesota Timberwolves 113 vs Denver Nuggets 96 | Winner: Minnesota Timberwolves
    Upserted 3 results.
    Fetching playoff series...
    Fetched 8 playoff series from CommonPlayoffSeries.
    Upserted 8 series.
    Tagged 56 games with playoff round/series.
    Calculating scores...
    Upserted scores for 4 users.
    Done. Games, results, series, and scores are up to date.
    No issues detected. Clean run.
    Email notification sent to roeeyaish@gmail.com.

[2026-04-25 09:02:54] SUCCESS
    Network ready (attempt 1).
    Fetching games for yesterday (04/24/2026), today (04/25/2026), tomorrow (04/26/2026)
    Saved 11 games to Supabase.
    Status breakdown:
    gameStatusText
    Final         2
    1:00 pm ET    2
    3:30 pm ET    2
    Final/OT      1
    6:00 pm ET    1
    8:30 pm ET    1
    7:00 pm ET    1
    9:30 pm ET    1
    Found 3 final games.
    Game 0042500113 | Philadelphia 76ers 100 vs Boston Celtics 108 | Winner: Boston Celtics
    Game 0042500173 | Houston Rockets 108 vs Los Angeles Lakers 112 | Winner: Los Angeles Lakers
    Game 0042500153 | Portland Trail Blazers 108 vs San Antonio Spurs 120 | Winner: San Antonio Spurs
    Upserted 3 results.
    Fetching playoff series...
    Fetched 8 playoff series from CommonPlayoffSeries.
    Upserted 8 series.
    Tagged 56 games with playoff round/series.
    Calculating scores...
    Upserted scores for 4 users.
    Done. Games, results, series, and scores are up to date.
    No issues detected. Clean run.
    Email notification sent to roeeyaish@gmail.com.

[2026-04-25 15:27:04] SUCCESS
    Network ready (attempt 1).
    Fetching games for yesterday (04/24/2026), today (04/25/2026), tomorrow (04/26/2026)
    Saved 11 games to Supabase.
    Status breakdown:
    gameStatusText
    Final         2
    1:00 pm ET    2
    3:30 pm ET    2
    Final/OT      1
    6:00 pm ET    1
    8:30 pm ET    1
    7:00 pm ET    1
    9:30 pm ET    1
    Found 3 final games.
    Game 0042500113 | Philadelphia 76ers 100 vs Boston Celtics 108 | Winner: Boston Celtics
    Game 0042500173 | Houston Rockets 108 vs Los Angeles Lakers 112 | Winner: Los Angeles Lakers
    Game 0042500153 | Portland Trail Blazers 108 vs San Antonio Spurs 120 | Winner: San Antonio Spurs
    Upserted 3 results.
    Fetching playoff series...
    Fetched 8 playoff series from CommonPlayoffSeries.
    Upserted 8 series.
    Tagged 56 games with playoff round/series.
    Calculating scores...
    Upserted scores for 4 users.
    Done. Games, results, series, and scores are up to date.
    No issues detected. Clean run.
    Email notification sent to roeeyaish@gmail.com.

[2026-04-26 08:00:46] SUCCESS
    Network ready (attempt 1).
    Fetching games for yesterday (04/25/2026), today (04/26/2026), tomorrow (04/27/2026)
    Saved 11 games to Supabase.
    Status breakdown:
    gameStatusText
    Final          4
    9:30 pm ET     2
    1:00 pm ET     1
    3:30 pm ET     1
    7:00 pm ET     1
    8:00 pm ET     1
    10:30 pm ET    1
    Found 4 final games.
    Game 0042500103 | Orlando Magic 113 vs Detroit Pistons 105 | Winner: Orlando Magic
    Game 0042500143 | Phoenix Suns 109 vs Oklahoma City Thunder 121 | Winner: Oklahoma City Thunder
    Game 0042500124 | Atlanta Hawks 98 vs New York Knicks 114 | Winner: New York Knicks
    Game 0042500164 | Minnesota Timberwolves 112 vs Denver Nuggets 96 | Winner: Minnesota Timberwolves
    Upserted 4 results.
    Fetching playoff series...
    Fetched 8 playoff series from CommonPlayoffSeries.
    Upserted 8 series.
    Tagged 56 games with playoff round/series.
    Calculating scores...
    Upserted scores for 4 users.
    Done. Games, results, series, and scores are up to date.
    No issues detected. Clean run.
    Email notification sent to roeeyaish@gmail.com.

[2026-04-26 15:27:54] SUCCESS
    Network ready (attempt 1).
    Fetching games for yesterday (04/25/2026), today (04/26/2026), tomorrow (04/27/2026)
    Saved 11 games to Supabase.
    Status breakdown:
    gameStatusText
    Final          4
    9:30 pm ET     2
    1:00 pm ET     1
    3:30 pm ET     1
    7:00 pm ET     1
    8:00 pm ET     1
    10:30 pm ET    1
    Found 4 final games.
    Game 0042500103 | Orlando Magic 113 vs Detroit Pistons 105 | Winner: Orlando Magic
    Game 0042500143 | Phoenix Suns 109 vs Oklahoma City Thunder 121 | Winner: Oklahoma City Thunder
    Game 0042500124 | Atlanta Hawks 98 vs New York Knicks 114 | Winner: New York Knicks
    Game 0042500164 | Minnesota Timberwolves 112 vs Denver Nuggets 96 | Winner: Minnesota Timberwolves
    Upserted 4 results.
    Fetching playoff series...
    Fetched 8 playoff series from CommonPlayoffSeries.
    Upserted 8 series.
    Tagged 56 games with playoff round/series.
    Calculating scores...
    Upserted scores for 4 users.
    Done. Games, results, series, and scores are up to date.
    No issues detected. Clean run.
    Email notification sent to roeeyaish@gmail.com.

[2026-04-27 10:51:18] SUCCESS
    Network ready (attempt 1).
    Fetching games for yesterday (04/26/2026), today (04/27/2026), tomorrow (04/28/2026)
    Saved 10 games to Supabase.
    Status breakdown:
    gameStatusText
    Final          4
    8:00 pm ET     2
    9:30 pm ET     2
    10:30 pm ET    1
    7:00 pm ET     1
    Found 4 final games.
    Game 0042500134 | Toronto Raptors 93 vs Cleveland Cavaliers 89 | Winner: Toronto Raptors
    Game 0042500154 | Portland Trail Blazers 93 vs San Antonio Spurs 114 | Winner: San Antonio Spurs
    Game 0042500114 | Philadelphia 76ers 96 vs Boston Celtics 128 | Winner: Boston Celtics
    Game 0042500174 | Houston Rockets 115 vs Los Angeles Lakers 96 | Winner: Houston Rockets
    Upserted 4 results.
    Fetching playoff series...
    Fetched 8 playoff series from CommonPlayoffSeries.
    Upserted 8 series.
    Tagged 56 games with playoff round/series.
    Calculating scores...
    Upserted scores for 4 users.
    Done. Games, results, series, and scores are up to date.
    No issues detected. Clean run.
    Email notification sent to roeeyaish@gmail.com.

[2026-04-28 08:48:23] SUCCESS
    Network ready (attempt 1).
    Fetching games for yesterday (04/27/2026), today (04/28/2026), tomorrow (04/29/2026)
    Saved 9 games to Supabase.
    Status breakdown:
    gameStatusText
    Final          3
    7:00 pm ET     2
    8:00 pm ET     1
    9:30 pm ET     1
    7:30 pm ET     1
    10:00 pm ET    1
    Found 3 final games.
    Game 0042500104 | Orlando Magic 94 vs Detroit Pistons 88 | Winner: Orlando Magic
    Game 0042500144 | Phoenix Suns 122 vs Oklahoma City Thunder 131 | Winner: Oklahoma City Thunder
    Game 0042500165 | Denver Nuggets 125 vs Minnesota Timberwolves 113 | Winner: Denver Nuggets
    Upserted 3 results.
    Fetching playoff series...
    Fetched 8 playoff series from CommonPlayoffSeries.
    Upserted 8 series.
    Tagged 56 games with playoff round/series.
    Calculating scores...
    Upserted scores for 4 users.
    Done. Games, results, series, and scores are up to date.
    No issues detected. Clean run.
    Email notification sent to roeeyaish@gmail.com.

[2026-04-28 08:54:14] SUCCESS
    Network ready (attempt 1).
    Fetching games for yesterday (04/27/2026), today (04/28/2026), tomorrow (04/29/2026)
    Saved 9 games to Supabase.
    Status breakdown:
    gameStatusText
    Final          3
    7:00 pm ET     2
    8:00 pm ET     1
    9:30 pm ET     1
    7:30 pm ET     1
    10:00 pm ET    1
    Found 3 final games.
    Game 0042500104 | Orlando Magic 94 vs Detroit Pistons 88 | Winner: Orlando Magic
    Game 0042500144 | Phoenix Suns 122 vs Oklahoma City Thunder 131 | Winner: Oklahoma City Thunder
    Game 0042500165 | Denver Nuggets 125 vs Minnesota Timberwolves 113 | Winner: Denver Nuggets
    Upserted 3 results.
    Fetching playoff series...
    Fetched 8 playoff series from CommonPlayoffSeries.
    Upserted 8 series.
    Tagged 53 games with playoff round/series.
    Calculating scores...
    Upserted scores for 4 users.
    Done. Games, results, series, and scores are up to date.
    No issues detected. Clean run.
    Email notification sent to roeeyaish@gmail.com.

[2026-04-28 17:02:48] SUCCESS
    Network ready (attempt 1).
    Fetching games for yesterday (04/27/2026), today (04/28/2026), tomorrow (04/29/2026)
    Saved 9 games to Supabase.
    Status breakdown:
    gameStatusText
    Final          3
    7:00 pm ET     2
    8:00 pm ET     1
    9:30 pm ET     1
    7:30 pm ET     1
    10:00 pm ET    1
    Found 3 final games.
    Game 0042500104 | Orlando Magic 94 vs Detroit Pistons 88 | Winner: Orlando Magic
    Game 0042500144 | Phoenix Suns 122 vs Oklahoma City Thunder 131 | Winner: Oklahoma City Thunder
    Game 0042500165 | Denver Nuggets 125 vs Minnesota Timberwolves 113 | Winner: Denver Nuggets
    Upserted 3 results.
    Fetching playoff series...
    Fetched 8 playoff series from CommonPlayoffSeries.
    Upserted 8 series.
    Tagged 53 games with playoff round/series.
    Calculating scores...
    Upserted scores for 4 users.
    Done. Games, results, series, and scores are up to date.
    No issues detected. Clean run.
    Email notification sent to roeeyaish@gmail.com.

[2026-04-29 13:20:52] SUCCESS
    Network ready (attempt 1).
    Fetching games for yesterday (04/28/2026), today (04/29/2026), tomorrow (04/30/2026)
    Saved 9 games to Supabase.
    Status breakdown:
    gameStatusText
    Final          3
    7:00 pm ET     2
    7:30 pm ET     1
    10:00 pm ET    1
    8:00 pm ET     1
    9:30 pm ET     1
    Found 3 final games.
    Game 0042500115 | Boston Celtics 97 vs Philadelphia 76ers 113 | Winner: Philadelphia 76ers
    Game 0042500125 | New York Knicks 126 vs Atlanta Hawks 97 | Winner: New York Knicks
    Game 0042500155 | San Antonio Spurs 114 vs Portland Trail Blazers 95 | Winner: San Antonio Spurs
    Upserted 3 results.
    Fetching playoff series...
    Fetched 8 playoff series from CommonPlayoffSeries.
    Upserted 8 series.
    Tagged 51 games with playoff round/series.
    Calculating scores...
    Upserted scores for 4 users.
    Done. Games, results, series, and scores are up to date.
    No issues detected. Clean run.
    Email notification sent to roeeyaish@gmail.com.

[2026-04-30 07:23:57] SUCCESS
    Network ready (attempt 1).
    Fetching games for yesterday (04/29/2026), today (04/30/2026), tomorrow (05/01/2026)
    Saved 6 games to Supabase.
    Status breakdown:
    gameStatusText
    TBD           3
    7:00 pm ET    1
    8:00 pm ET    1
    9:30 pm ET    1
    Found 0 final games.
    No final games to update.
    Fetching playoff series...
    Fetched 8 playoff series from CommonPlayoffSeries.
    Upserted 8 series.
    Tagged 51 games with playoff round/series.
    Calculating scores...
    Upserted scores for 4 users.
    Done. Games, results, series, and scores are up to date.
    No issues detected. Clean run.
    Email notification sent to roeeyaish@gmail.com.

[2026-04-30 08:11:45] SUCCESS
    Network not ready (attempt 1/5). Waiting 30s...
    Network ready (attempt 2).
    Fetching games for yesterday (04/29/2026), today (04/30/2026), tomorrow (05/01/2026)
    Saved 9 games to Supabase.
    Status breakdown:
    gameStatusText
    Final         3
    7:00 pm ET    2
    9:30 pm ET    2
    8:00 pm ET    1
    7:30 pm ET    1
    Found 3 final games.
    Game 0042500105 | Detroit Pistons 116 vs Orlando Magic 109 | Winner: Detroit Pistons
    Game 0042500135 | Cleveland Cavaliers 125 vs Toronto Raptors 120 | Winner: Cleveland Cavaliers
    Game 0042500175 | Los Angeles Lakers 93 vs Houston Rockets 99 | Winner: Houston Rockets
    Upserted 3 results.
    Fetching playoff series...
    Fetched 8 playoff series from CommonPlayoffSeries.
    Upserted 8 series.
    Tagged 51 games with playoff round/series.
    Calculating scores...
    Upserted scores for 4 users.
    Done. Games, results, series, and scores are up to date.
    No issues detected. Clean run.
    Email notification sent to roeeyaish@gmail.com.

[2026-05-01 07:48:38] SUCCESS
    Network ready (attempt 1).
    Fetching games for yesterday (04/30/2026), today (05/01/2026), tomorrow (05/02/2026)
    Saved 8 games to Supabase.
    Status breakdown:
    gameStatusText
    Final         3
    7:30 pm ET    2
    7:00 pm ET    1
    9:30 pm ET    1
                  1
    Found 3 final games.
    Game 0042500126 | Atlanta Hawks 89 vs New York Knicks 140 | Winner: New York Knicks
    Game 0042500116 | Philadelphia 76ers 106 vs Boston Celtics 93 | Winner: Philadelphia 76ers
    Game 0042500166 | Minnesota Timberwolves 110 vs Denver Nuggets 98 | Winner: Minnesota Timberwolves
    Upserted 3 results.
    Fetching playoff series...
    Fetched 8 playoff series from CommonPlayoffSeries.
    Upserted 8 series.
    Tagged 50 games with playoff round/series.
    Calculating scores...
    Upserted scores for 4 users.
    Done. Games, results, series, and scores are up to date.
    No issues detected. Clean run.
    Email notification sent to roeeyaish@gmail.com.

[2026-05-02 00:22:18] SUCCESS
    Network ready (attempt 1).
    Fetching games for yesterday (04/30/2026), today (05/01/2026), tomorrow (05/02/2026)
    Saved 7 games to Supabase.
    Status breakdown:
    gameStatusText
    Final         3
    7:30 pm ET    2
    7:00 pm ET    1
    9:30 pm ET    1
    Found 3 final games.
    Game 0042500126 | Atlanta Hawks 89 vs New York Knicks 140 | Winner: New York Knicks
    Game 0042500116 | Philadelphia 76ers 106 vs Boston Celtics 93 | Winner: Philadelphia 76ers
    Game 0042500166 | Minnesota Timberwolves 110 vs Denver Nuggets 98 | Winner: Minnesota Timberwolves
    Upserted 3 results.
    Fetching playoff series...
    Fetched 9 playoff series from CommonPlayoffSeries.
    Upserted 9 series.
    Tagged 56 games with playoff round/series.
    Calculating scores...
    Upserted scores for 4 users.
    Done. Games, results, series, and scores are up to date.
    
    1 issue(s) detected during this run:
      - No game time found for new series 2026_West_R2_2 (San Antonio Spurs vs Minnesota Timberwolves)
    Alert email sent to roeeyaish@gmail.com (1 issue(s)).

[2026-05-02 00:22:18] SUCCESS
    Network ready (attempt 1).
    Fetching games for yesterday (04/30/2026), today (05/01/2026), tomorrow (05/02/2026)
    Saved 7 games to Supabase.
    Status breakdown:
    gameStatusText
    Final         3
    7:30 pm ET    2
    7:00 pm ET    1
    9:30 pm ET    1
    Found 3 final games.
    Game 0042500126 | Atlanta Hawks 89 vs New York Knicks 140 | Winner: New York Knicks
    Game 0042500116 | Philadelphia 76ers 106 vs Boston Celtics 93 | Winner: Philadelphia 76ers
    Game 0042500166 | Minnesota Timberwolves 110 vs Denver Nuggets 98 | Winner: Minnesota Timberwolves
    Upserted 3 results.
    Fetching playoff series...
    Fetched 9 playoff series from CommonPlayoffSeries.
    Upserted 9 series.
    Tagged 56 games with playoff round/series.
    Calculating scores...
    Upserted scores for 4 users.
    Done. Games, results, series, and scores are up to date.
    
    1 issue(s) detected during this run:
      - No game time found for new series 2026_West_R2_2 (San Antonio Spurs vs Minnesota Timberwolves)
    Alert email sent to roeeyaish@gmail.com (1 issue(s)).
    Email notification sent to roeeyaish@gmail.com.
    Email notification sent to roeeyaish@gmail.com.

[2026-05-02 08:07:53] SUCCESS
    Network ready (attempt 1).
    Fetching games for yesterday (05/01/2026), today (05/02/2026), tomorrow (05/03/2026)
    Saved 7 games to Supabase.
    Status breakdown:
    gameStatusText
    Final         2
    Final/OT      1
    7:30 pm ET    1
                  1
    TBD           1
    3:30 pm ET    1
    Found 3 final games.
    Game 0042500106 | Orlando Magic 79 vs Detroit Pistons 93 | Winner: Detroit Pistons
    Game 0042500136 | Toronto Raptors 112 vs Cleveland Cavaliers 110 | Winner: Toronto Raptors
    Game 0042500176 | Houston Rockets 78 vs Los Angeles Lakers 98 | Winner: Los Angeles Lakers
    Upserted 3 results.
    Fetching playoff series...
    Fetched 9 playoff series from CommonPlayoffSeries.
    Upserted 9 series.
    Tagged 56 games with playoff round/series.
    Calculating scores...
    Upserted scores for 4 users.
    Done. Games, results, series, and scores are up to date.
    
    1 issue(s) detected during this run:
      - No game time found for new series 2026_West_R2_2 (San Antonio Spurs vs Minnesota Timberwolves)
    Alert email sent to roeeyaish@gmail.com (1 issue(s)).
    Email notification sent to roeeyaish@gmail.com.

[2026-05-02 15:22:30] SUCCESS
    Network ready (attempt 1).
    Fetching games for yesterday (05/01/2026), today (05/02/2026), tomorrow (05/03/2026)
    Saved 6 games to Supabase.
    Status breakdown:
    gameStatusText
    Final         2
    7:30 pm ET    2
    Final/OT      1
    3:30 pm ET    1
    Found 3 final games.
    Game 0042500106 | Orlando Magic 79 vs Detroit Pistons 93 | Winner: Detroit Pistons
    Game 0042500136 | Toronto Raptors 112 vs Cleveland Cavaliers 110 | Winner: Toronto Raptors
    Game 0042500176 | Houston Rockets 78 vs Los Angeles Lakers 98 | Winner: Los Angeles Lakers
    Upserted 3 results.
    Fetching playoff series...
    Fetched 10 playoff series from CommonPlayoffSeries.
    Upserted 10 series.
    Tagged 62 games with playoff round/series.
    Calculating scores...
    Upserted scores for 4 users.
    Done. Games, results, series, and scores are up to date.
    
    2 issue(s) detected during this run:
      - No game time found for new series 2026_West_R2_1 (Oklahoma City Thunder vs Los Angeles Lakers)
      - No game time found for new series 2026_West_R2_2 (San Antonio Spurs vs Minnesota Timberwolves)
    Alert email sent to roeeyaish@gmail.com (2 issue(s)).
    Email notification sent to roeeyaish@gmail.com.
